<?xml version="1.0" encoding="utf-8"?>
<TestRun id="47605ebe-4302-4b0b-a9e0-1184e47d0b51" name="@localhost 2021-04-11 18:50:41" xmlns="http://microsoft.com/schemas/VisualStudio/TeamTest/2010">
  <Times creation="2021-04-11T18:50:41.9276910+08:00" queuing="2021-04-11T18:50:41.9276910+08:00" start="2021-04-11T18:50:38.8547160+08:00" finish="2021-04-11T18:50:41.9362670+08:00" />
  <TestSettings name="default" id="d60564d6-54b2-42df-a68c-d163836c7786">
    <Deployment runDeploymentRoot="_localhost_2021-04-11_18_50_41" />
  </TestSettings>
  <Results>
    <UnitTestResult executionId="5af06456-650d-4031-8d0f-74be0fc7c3ab" testId="9b8f7463-380a-abdb-64b7-789231fcc884" testName="Tests.SqliteInMemoryItemsControllerTest.Can_add_item_differing_only_by_case" computerName="localhost" duration="00:00:00.0078282" startTime="2021-04-11T18:50:41.8197130+08:00" endTime="2021-04-11T18:50:41.8197130+08:00" testType="13cdc9d9-ddb5-4fa4-a97d-d965ccfc6d4b" outcome="Passed" testListId="8c84fa94-04c1-424b-9868-57a2d4851a1d" relativeResultsDirectory="5af06456-650d-4031-8d0f-74be0fc7c3ab" />
    <UnitTestResult executionId="2139640b-3358-4937-8e18-045dba7d64cb" testId="07cc0654-3d36-0af4-101c-3310d2b96ec2" testName="Tests.SqliteInMemoryItemsControllerTest.Can_get_items" computerName="localhost" duration="00:00:00.0148959" startTime="2021-04-11T18:50:41.7270120+08:00" endTime="2021-04-11T18:50:41.7270130+08:00" testType="13cdc9d9-ddb5-4fa4-a97d-d965ccfc6d4b" outcome="Passed" testListId="8c84fa94-04c1-424b-9868-57a2d4851a1d" relativeResultsDirectory="2139640b-3358-4937-8e18-045dba7d64cb" />
    <UnitTestResult executionId="8c24a86a-3bec-423b-ab33-2932b4e8f46a" testId="5916baac-a3f1-a200-fd00-1b76ef1d0225" testName="Tests.SqliteInMemoryItemsControllerTest.Can_get_item" computerName="localhost" duration="00:00:00.0212480" startTime="2021-04-11T18:50:41.8117570+08:00" endTime="2021-04-11T18:50:41.8117570+08:00" testType="13cdc9d9-ddb5-4fa4-a97d-d965ccfc6d4b" outcome="Passed" testListId="8c84fa94-04c1-424b-9868-57a2d4851a1d" relativeResultsDirectory="8c24a86a-3bec-423b-ab33-2932b4e8f46a" />
    <UnitTestResult executionId="7f659d60-a091-4f02-8d3d-45215d49da14" testId="316dc26e-824b-e7db-827a-9606682ff82c" testName="Tests.SqliteInMemoryItemsControllerTest.Can_add_tag" computerName="localhost" duration="00:00:00.0185064" startTime="2021-04-11T18:50:41.7814600+08:00" endTime="2021-04-11T18:50:41.7814600+08:00" testType="13cdc9d9-ddb5-4fa4-a97d-d965ccfc6d4b" outcome="Passed" testListId="8c84fa94-04c1-424b-9868-57a2d4851a1d" relativeResultsDirectory="7f659d60-a091-4f02-8d3d-45215d49da14" />
    <UnitTestResult executionId="9bf13592-8877-4b75-ae99-4a1b01c4e147" testId="30f2b854-6156-bf34-de38-7b18d236b0f4" testName="Tests.SqliteInMemoryItemsControllerTest.Can_add_tag_when_already_existing_tag" computerName="localhost" duration="00:00:01.4041710" startTime="2021-04-11T18:50:41.7116960+08:00" endTime="2021-04-11T18:50:41.7117380+08:00" testType="13cdc9d9-ddb5-4fa4-a97d-d965ccfc6d4b" outcome="Passed" testListId="8c84fa94-04c1-424b-9868-57a2d4851a1d" relativeResultsDirectory="9bf13592-8877-4b75-ae99-4a1b01c4e147" />
    <UnitTestResult executionId="9a8c1d9b-2199-4a5f-b14f-d669eb19acb4" testId="9b0a1939-e6d8-8e83-1432-7bde5785dc35" testName="Tests.SqliteInMemoryItemsControllerTest.Can_add_item" computerName="localhost" duration="00:00:00.0085735" startTime="2021-04-11T18:50:41.7903730+08:00" endTime="2021-04-11T18:50:41.7903730+08:00" testType="13cdc9d9-ddb5-4fa4-a97d-d965ccfc6d4b" outcome="Passed" testListId="8c84fa94-04c1-424b-9868-57a2d4851a1d" relativeResultsDirectory="9a8c1d9b-2199-4a5f-b14f-d669eb19acb4" />
    <UnitTestResult executionId="d2275269-99ac-435f-8208-60005027fb54" testId="7e1b2699-344d-3e4f-b431-3e293fba45b4" testName="Tests.SqliteInMemoryItemsControllerTest.Can_remove_item_and_all_associated_tags" computerName="localhost" duration="00:00:00.0357721" startTime="2021-04-11T18:50:41.7628350+08:00" endTime="2021-04-11T18:50:41.7628350+08:00" testType="13cdc9d9-ddb5-4fa4-a97d-d965ccfc6d4b" outcome="Passed" testListId="8c84fa94-04c1-424b-9868-57a2d4851a1d" relativeResultsDirectory="d2275269-99ac-435f-8208-60005027fb54" />
  </Results>
  <TestDefinitions>
    <UnitTest name="Tests.SqliteInMemoryItemsControllerTest.Can_add_item_differing_only_by_case" storage="/users/aaron/dev/study/dotnetdoc/entityframework.docs/samples/core/miscellaneous/testing/itemswebapi/tests/bin/debug/net5.0/tests.dll" id="9b8f7463-380a-abdb-64b7-789231fcc884">
      <Execution id="5af06456-650d-4031-8d0f-74be0fc7c3ab" />
      <TestMethod codeBase="/Users/aaron/Dev/study/dotnetDoc/EntityFramework.Docs/samples/core/Miscellaneous/Testing/ItemsWebApi/Tests/bin/Debug/net5.0/Tests.dll" adapterTypeName="executor://xunit/VsTestRunner2/netcoreapp" className="Tests.SqliteInMemoryItemsControllerTest" name="Can_add_item_differing_only_by_case" />
    </UnitTest>
    <UnitTest name="Tests.SqliteInMemoryItemsControllerTest.Can_add_tag" storage="/users/aaron/dev/study/dotnetdoc/entityframework.docs/samples/core/miscellaneous/testing/itemswebapi/tests/bin/debug/net5.0/tests.dll" id="316dc26e-824b-e7db-827a-9606682ff82c">
      <Execution id="7f659d60-a091-4f02-8d3d-45215d49da14" />
      <TestMethod codeBase="/Users/aaron/Dev/study/dotnetDoc/EntityFramework.Docs/samples/core/Miscellaneous/Testing/ItemsWebApi/Tests/bin/Debug/net5.0/Tests.dll" adapterTypeName="executor://xunit/VsTestRunner2/netcoreapp" className="Tests.SqliteInMemoryItemsControllerTest" name="Can_add_tag" />
    </UnitTest>
    <UnitTest name="Tests.SqliteInMemoryItemsControllerTest.Can_get_item" storage="/users/aaron/dev/study/dotnetdoc/entityframework.docs/samples/core/miscellaneous/testing/itemswebapi/tests/bin/debug/net5.0/tests.dll" id="5916baac-a3f1-a200-fd00-1b76ef1d0225">
      <Execution id="8c24a86a-3bec-423b-ab33-2932b4e8f46a" />
      <TestMethod codeBase="/Users/aaron/Dev/study/dotnetDoc/EntityFramework.Docs/samples/core/Miscellaneous/Testing/ItemsWebApi/Tests/bin/Debug/net5.0/Tests.dll" adapterTypeName="executor://xunit/VsTestRunner2/netcoreapp" className="Tests.SqliteInMemoryItemsControllerTest" name="Can_get_item" />
    </UnitTest>
    <UnitTest name="Tests.SqliteInMemoryItemsControllerTest.Can_get_items" storage="/users/aaron/dev/study/dotnetdoc/entityframework.docs/samples/core/miscellaneous/testing/itemswebapi/tests/bin/debug/net5.0/tests.dll" id="07cc0654-3d36-0af4-101c-3310d2b96ec2">
      <Execution id="2139640b-3358-4937-8e18-045dba7d64cb" />
      <TestMethod codeBase="/Users/aaron/Dev/study/dotnetDoc/EntityFramework.Docs/samples/core/Miscellaneous/Testing/ItemsWebApi/Tests/bin/Debug/net5.0/Tests.dll" adapterTypeName="executor://xunit/VsTestRunner2/netcoreapp" className="Tests.SqliteInMemoryItemsControllerTest" name="Can_get_items" />
    </UnitTest>
    <UnitTest name="Tests.SqliteInMemoryItemsControllerTest.Can_remove_item_and_all_associated_tags" storage="/users/aaron/dev/study/dotnetdoc/entityframework.docs/samples/core/miscellaneous/testing/itemswebapi/tests/bin/debug/net5.0/tests.dll" id="7e1b2699-344d-3e4f-b431-3e293fba45b4">
      <Execution id="d2275269-99ac-435f-8208-60005027fb54" />
      <TestMethod codeBase="/Users/aaron/Dev/study/dotnetDoc/EntityFramework.Docs/samples/core/Miscellaneous/Testing/ItemsWebApi/Tests/bin/Debug/net5.0/Tests.dll" adapterTypeName="executor://xunit/VsTestRunner2/netcoreapp" className="Tests.SqliteInMemoryItemsControllerTest" name="Can_remove_item_and_all_associated_tags" />
    </UnitTest>
    <UnitTest name="Tests.SqliteInMemoryItemsControllerTest.Can_add_item" storage="/users/aaron/dev/study/dotnetdoc/entityframework.docs/samples/core/miscellaneous/testing/itemswebapi/tests/bin/debug/net5.0/tests.dll" id="9b0a1939-e6d8-8e83-1432-7bde5785dc35">
      <Execution id="9a8c1d9b-2199-4a5f-b14f-d669eb19acb4" />
      <TestMethod codeBase="/Users/aaron/Dev/study/dotnetDoc/EntityFramework.Docs/samples/core/Miscellaneous/Testing/ItemsWebApi/Tests/bin/Debug/net5.0/Tests.dll" adapterTypeName="executor://xunit/VsTestRunner2/netcoreapp" className="Tests.SqliteInMemoryItemsControllerTest" name="Can_add_item" />
    </UnitTest>
    <UnitTest name="Tests.SqliteInMemoryItemsControllerTest.Can_add_tag_when_already_existing_tag" storage="/users/aaron/dev/study/dotnetdoc/entityframework.docs/samples/core/miscellaneous/testing/itemswebapi/tests/bin/debug/net5.0/tests.dll" id="30f2b854-6156-bf34-de38-7b18d236b0f4">
      <Execution id="9bf13592-8877-4b75-ae99-4a1b01c4e147" />
      <TestMethod codeBase="/Users/aaron/Dev/study/dotnetDoc/EntityFramework.Docs/samples/core/Miscellaneous/Testing/ItemsWebApi/Tests/bin/Debug/net5.0/Tests.dll" adapterTypeName="executor://xunit/VsTestRunner2/netcoreapp" className="Tests.SqliteInMemoryItemsControllerTest" name="Can_add_tag_when_already_existing_tag" />
    </UnitTest>
  </TestDefinitions>
  <TestEntries>
    <TestEntry testId="9b8f7463-380a-abdb-64b7-789231fcc884" executionId="5af06456-650d-4031-8d0f-74be0fc7c3ab" testListId="8c84fa94-04c1-424b-9868-57a2d4851a1d" />
    <TestEntry testId="07cc0654-3d36-0af4-101c-3310d2b96ec2" executionId="2139640b-3358-4937-8e18-045dba7d64cb" testListId="8c84fa94-04c1-424b-9868-57a2d4851a1d" />
    <TestEntry testId="5916baac-a3f1-a200-fd00-1b76ef1d0225" executionId="8c24a86a-3bec-423b-ab33-2932b4e8f46a" testListId="8c84fa94-04c1-424b-9868-57a2d4851a1d" />
    <TestEntry testId="316dc26e-824b-e7db-827a-9606682ff82c" executionId="7f659d60-a091-4f02-8d3d-45215d49da14" testListId="8c84fa94-04c1-424b-9868-57a2d4851a1d" />
    <TestEntry testId="30f2b854-6156-bf34-de38-7b18d236b0f4" executionId="9bf13592-8877-4b75-ae99-4a1b01c4e147" testListId="8c84fa94-04c1-424b-9868-57a2d4851a1d" />
    <TestEntry testId="9b0a1939-e6d8-8e83-1432-7bde5785dc35" executionId="9a8c1d9b-2199-4a5f-b14f-d669eb19acb4" testListId="8c84fa94-04c1-424b-9868-57a2d4851a1d" />
    <TestEntry testId="7e1b2699-344d-3e4f-b431-3e293fba45b4" executionId="d2275269-99ac-435f-8208-60005027fb54" testListId="8c84fa94-04c1-424b-9868-57a2d4851a1d" />
  </TestEntries>
  <TestLists>
    <TestList name="Results Not in a List" id="8c84fa94-04c1-424b-9868-57a2d4851a1d" />
    <TestList name="All Loaded Results" id="19431567-8539-422a-85d7-44ee4e166bda" />
  </TestLists>
  <ResultSummary outcome="Completed">
    <Counters total="7" executed="7" passed="7" failed="0" error="0" timeout="0" aborted="0" inconclusive="0" passedButRunAborted="0" notRunnable="0" notExecuted="0" disconnected="0" warning="0" completed="0" inProgress="0" pending="0" />
    <Output>
      <StdOut>[xUnit.net 00:00:00.00] xUnit.net VSTest Adapter v2.4.3+1b45f5407b (64-bit .NET 5.0.4)
[xUnit.net 00:00:00.76]   Discovering: Tests
[xUnit.net 00:00:00.79]   Discovered:  Tests
[xUnit.net 00:00:00.80]   Starting:    Tests
[xUnit.net 00:00:02.39]   Finished:    Tests
</StdOut>
    </Output>
  </ResultSummary>
</TestRun>